<?xml version="1.0" encoding="UTF-8"?>
<testsuite xmlns:xsi="http://www.w3.org/2001/XMLSchema-instance" xsi:noNamespaceSchemaLocation="https://maven.apache.org/surefire/maven-surefire-plugin/xsd/surefire-test-report.xsd" version="3.0.2" name="com.shankar.microfinance.configserver.ConfigServerApplicationTests" time="5.591" tests="1" errors="0" skipped="0" failures="0">
  <properties>
[...]
</properties>
  <testcase name="contextLoads" classname="com.shankar.microfinance.configserver.ConfigServerApplicationTests" time="1.246">
    <system-out><![CDATA[19:03:13.079 [main] INFO org.springframework.test.context.support.AnnotationConfigContextLoaderUtils -- Could not detect default configuration classes for test class [com.shankar.microfinance.configserver.ConfigServerApplicationTests]: ConfigServerApplicationTests does not declare any static, non-private, non-final, nested classes annotated with @Configuration.
19:03:13.270 [main] INFO org.springframework.boot.test.context.SpringBootTestContextBootstrapper -- Found @SpringBootConfiguration com.shankar.microfinance.configserver.ConfigServerApplication for test class com.shankar.microfinance.configserver.ConfigServerApplicationTests

  .   ____          _            __ _ _
 /\\ / ___'_ __ _ _(_)_ __  __ _ \ \ \ \
( ( )\___ | '_ | '_| | '_ \/ _` | \ \ \ \
 \\/  ___)| |_)| | | | | || (_| |  ) ) ) )
  '  |____| .__|_| |_|_| |_\__, | / / / /
 =========|_|==============|___/=/_/_/_/

 :: Spring Boot ::                (v3.5.3)

2026-07-05T19:03:14.076+05:30  INFO 28260 --- [config-server] [           main] c.s.m.c.ConfigServerApplicationTests     : Starting ConfigServerApplicationTests using Java 25 with PID 28260 (started by Lenovo in F:\Java-Backend\microfinance-management-system\platform\config-server)
2026-07-05T19:03:14.077+05:30  INFO 28260 --- [config-server] [           main] c.s.m.c.ConfigServerApplicationTests     : The following 1 profile is active: "native"
2026-07-05T19:03:15.353+05:30  INFO 28260 --- [config-server] [           main] o.s.cloud.context.scope.GenericScope     : BeanFactory id=888e00e0-89f0-34e3-9fd4-0ecee38b7c97
2026-07-05T19:03:16.965+05:30  INFO 28260 --- [config-server] [           main] o.s.b.a.e.web.EndpointLinksResolver      : Exposing 1 endpoint beneath base path '/actuator'
2026-07-05T19:03:17.057+05:30  INFO 28260 --- [config-server] [           main] c.s.m.c.ConfigServerApplicationTests     : Started ConfigServerApplicationTests in 3.473 seconds (process running for 5.235)
]]></system-out>
    <system-err><![CDATA[Mockito is currently self-attaching to enable the inline-mock-maker. This will no longer work in future releases of the JDK. Please add Mockito as an agent to your build as described in Mockito's documentation: https://javadoc.io/doc/org.mockito/mockito-core/latest/org.mockito/org/mockito/Mockito.html#0.3
WARNING: A Java agent has been loaded dynamically (C:\Users\Lenovo\.m2\repository\net\bytebuddy\byte-buddy-agent\1.17.6\byte-buddy-agent-1.17.6.jar)
WARNING: If a serviceability tool is in use, please run with -XX:+EnableDynamicAgentLoading to hide this warning
WARNING: If a serviceability tool is not in use, please run with -Djdk.instrument.traceUsage for more information
WARNING: Dynamic loading of agents will be disallowed by default in a future release
]]></system-err>
  </testcase>
</testsuite>